Multiplayer Racing/Library/Bee/Android/Prj/Mono2x/Gradle/launcher/build/intermediates/manifest_merge_blame_file/debug/manifest-merger-blame-debug-report.txt
1<?xml version="1.0" encoding="utf-8"?>
2<manifest xmlns:android="http://schemas.android.com/apk/res/android"
3    package="com.ghostInteractive.MultiplayerRace"
4    android:installLocation="preferExternal"
5    android:versionCode="1"
6    android:versionName="0.1" >
7
8    <uses-sdk
9        android:minSdkVersion="23"
9-->src\main\AndroidManifest.xml
10        android:targetSdkVersion="36" />
10-->src\main\AndroidManifest.xml
11
12    <supports-screens
12-->src\main\AndroidManifest.xml:4:3-163
13        android:anyDensity="true"
13-->src\main\AndroidManifest.xml:4:135-160
14        android:largeScreens="true"
14-->src\main\AndroidManifest.xml:4:78-105
15        android:normalScreens="true"
15-->src\main\AndroidManifest.xml:4:49-77
16        android:smallScreens="true"
16-->src\main\AndroidManifest.xml:4:21-48
17        android:xlargeScreens="true" />
17-->src\main\AndroidManifest.xml:4:106-134
18
19    <uses-permission android:name="android.permission.INTERNET" />
19-->[:unityLibrary] AndroidManifest.xml:10:5-67
19-->[:unityLibrary] AndroidManifest.xml:10:22-64
20    <uses-permission android:name="android.permission.ACCESS_NETWORK_STATE" />
20-->[:unityLibrary] AndroidManifest.xml:11:5-79
20-->[:unityLibrary] AndroidManifest.xml:11:22-76
21
22    <uses-feature android:glEsVersion="0x00030000" />
22-->[:unityLibrary] AndroidManifest.xml:13:5-54
22-->[:unityLibrary] AndroidManifest.xml:13:19-51
23    <uses-feature
23-->[:unityLibrary] AndroidManifest.xml:14:5-16:36
24        android:name="android.hardware.vulkan.version"
24-->[:unityLibrary] AndroidManifest.xml:15:9-55
25        android:required="false" />
25-->[:unityLibrary] AndroidManifest.xml:16:9-33
26    <uses-feature
26-->[:unityLibrary] AndroidManifest.xml:17:5-19:36
27        android:name="android.hardware.touchscreen"
27-->[:unityLibrary] AndroidManifest.xml:18:9-52
28        android:required="false" />
28-->[:unityLibrary] AndroidManifest.xml:19:9-33
29    <uses-feature
29-->[:unityLibrary] AndroidManifest.xml:20:5-22:36
30        android:name="android.hardware.touchscreen.multitouch"
30-->[:unityLibrary] AndroidManifest.xml:21:9-63
31        android:required="false" />
31-->[:unityLibrary] AndroidManifest.xml:22:9-33
32    <uses-feature
32-->[:unityLibrary] AndroidManifest.xml:23:5-25:36
33        android:name="android.hardware.touchscreen.multitouch.distinct"
33-->[:unityLibrary] AndroidManifest.xml:24:9-72
34        android:required="false" />
34-->[:unityLibrary] AndroidManifest.xml:25:9-33
35
36    <uses-permission android:name="android.permission.POST_NOTIFICATIONS" />
36-->[com.google.firebase:firebase-messaging:25.0.0] AndroidManifest.xml:23:5-77
36-->[com.google.firebase:firebase-messaging:25.0.0] AndroidManifest.xml:23:22-74
37    <uses-permission android:name="android.permission.WAKE_LOCK" /> <!-- Required by older versions of Google Play services to create IID tokens -->
37-->[com.google.firebase:firebase-messaging:25.0.0] AndroidManifest.xml:24:5-68
37-->[com.google.firebase:firebase-messaging:25.0.0] AndroidManifest.xml:24:22-65
38    <uses-permission android:name="com.google.android.c2dm.permission.RECEIVE" />
38-->[com.google.firebase:firebase-messaging:25.0.0] AndroidManifest.xml:26:5-82
38-->[com.google.firebase:firebase-messaging:25.0.0] AndroidManifest.xml:26:22-79
39    <uses-permission android:name="com.google.android.finsky.permission.BIND_GET_INSTALL_REFERRER_SERVICE" />
39-->[com.google.android.gms:play-services-measurement:23.0.0] AndroidManifest.xml:26:5-110
39-->[com.google.android.gms:play-services-measurement:23.0.0] AndroidManifest.xml:26:22-107
40    <uses-permission android:name="com.google.android.gms.permission.AD_ID" />
40-->[com.google.android.gms:play-services-measurement-impl:23.0.0] AndroidManifest.xml:27:5-79
40-->[com.google.android.gms:play-services-measurement-impl:23.0.0] AndroidManifest.xml:27:22-76
41    <uses-permission android:name="android.permission.ACCESS_ADSERVICES_ATTRIBUTION" />
41-->[com.google.android.gms:play-services-measurement-api:23.0.0] AndroidManifest.xml:26:5-88
41-->[com.google.android.gms:play-services-measurement-api:23.0.0] AndroidManifest.xml:26:22-85
42    <uses-permission android:name="android.permission.ACCESS_ADSERVICES_AD_ID" />
42-->[com.google.android.gms:play-services-measurement-api:23.0.0] AndroidManifest.xml:27:5-82
42-->[com.google.android.gms:play-services-measurement-api:23.0.0] AndroidManifest.xml:27:22-79
43
44    <permission
44-->[com.google.firebase:firebase-messaging-unity:13.1.0] AndroidManifest.xml:11:3-13:45
45        android:name="com.ghostInteractive.MultiplayerRace.permission.C2D_MESSAGE"
45-->[com.google.firebase:firebase-messaging-unity:13.1.0] AndroidManifest.xml:12:7-61
46        android:protectionLevel="signature" />
46-->[com.google.firebase:firebase-messaging-unity:13.1.0] AndroidManifest.xml:13:7-42
47
48    <uses-permission android:name="com.ghostInteractive.MultiplayerRace.permission.C2D_MESSAGE" />
48-->[com.google.firebase:firebase-messaging-unity:13.1.0] AndroidManifest.xml:14:3-15:64
48-->[com.google.firebase:firebase-messaging-unity:13.1.0] AndroidManifest.xml:15:7-61
49    <uses-permission android:name="com.google.android.providers.gsf.permission.READ_GSERVICES" />
49-->[com.google.android.recaptcha:recaptcha:18.6.1] AndroidManifest.xml:9:5-98
49-->[com.google.android.recaptcha:recaptcha:18.6.1] AndroidManifest.xml:9:22-95
50
51    <permission
51-->[androidx.core:core:1.9.0] AndroidManifest.xml:22:5-24:47
52        android:name="com.ghostInteractive.MultiplayerRace.DYNAMIC_RECEIVER_NOT_EXPORTED_PERMISSION"
52-->[androidx.core:core:1.9.0] AndroidManifest.xml:23:9-81
53        android:protectionLevel="signature" />
53-->[androidx.core:core:1.9.0] AndroidManifest.xml:24:9-44
54
55    <uses-permission android:name="com.ghostInteractive.MultiplayerRace.DYNAMIC_RECEIVER_NOT_EXPORTED_PERMISSION" />
55-->[androidx.core:core:1.9.0] AndroidManifest.xml:26:5-97
55-->[androidx.core:core:1.9.0] AndroidManifest.xml:26:22-94
56
57    <application
57-->src\main\AndroidManifest.xml:3:3-83
58        android:appComponentFactory="androidx.core.app.CoreComponentFactory"
58-->[androidx.core:core:1.9.0] AndroidManifest.xml:28:18-86
59        android:debuggable="true"
60        android:extractNativeLibs="true"
60-->[:unityLibrary] AndroidManifest.xml:28:9-41
61        android:icon="@mipmap/app_icon"
61-->src\main\AndroidManifest.xml:3:49-80
62        android:label="@string/app_name" >
62-->src\main\AndroidManifest.xml:3:16-48
63        <service
63-->[:unityLibrary] AndroidManifest.xml:31:9-34:72
64            android:name="com.google.firebase.messaging.MessageForwardingService"
64-->[:unityLibrary] AndroidManifest.xml:32:13-82
65            android:exported="true"
65-->[:unityLibrary] AndroidManifest.xml:33:13-36
66            android:permission="android.permission.BIND_JOB_SERVICE" />
66-->[:unityLibrary] AndroidManifest.xml:34:13-69
67
68        <meta-data
68-->[:unityLibrary] AndroidManifest.xml:36:9-38:33
69            android:name="unity.splash-mode"
69-->[:unityLibrary] AndroidManifest.xml:37:13-45
70            android:value="0" />
70-->[:unityLibrary] AndroidManifest.xml:38:13-30
71        <meta-data
71-->[:unityLibrary] AndroidManifest.xml:39:9-41:36
72            android:name="unity.splash-enable"
72-->[:unityLibrary] AndroidManifest.xml:40:13-47
73            android:value="True" />
73-->[:unityLibrary] AndroidManifest.xml:41:13-33
74        <meta-data
74-->[:unityLibrary] AndroidManifest.xml:42:9-44:36
75            android:name="unity.launch-fullscreen"
75-->[:unityLibrary] AndroidManifest.xml:43:13-51
76            android:value="True" />
76-->[:unityLibrary] AndroidManifest.xml:44:13-33
77        <meta-data
77-->[:unityLibrary] AndroidManifest.xml:45:9-47:36
78            android:name="unity.render-outside-safearea"
78-->[:unityLibrary] AndroidManifest.xml:46:13-57
79            android:value="True" />
79-->[:unityLibrary] AndroidManifest.xml:47:13-33
80        <meta-data
80-->[:unityLibrary] AndroidManifest.xml:48:9-50:50
81            android:name="notch.config"
81-->[:unityLibrary] AndroidManifest.xml:49:13-40
82            android:value="portrait|landscape" />
82-->[:unityLibrary] AndroidManifest.xml:50:13-47
83        <meta-data
83-->[:unityLibrary] AndroidManifest.xml:51:9-53:36
84            android:name="unity.auto-report-fully-drawn"
84-->[:unityLibrary] AndroidManifest.xml:52:13-57
85            android:value="true" />
85-->[:unityLibrary] AndroidManifest.xml:53:13-33
86
87        <activity
87-->[:unityLibrary] AndroidManifest.xml:55:9-76:20
88            android:name="com.google.firebase.MessagingUnityPlayerActivity"
88-->[:unityLibrary] AndroidManifest.xml:56:13-76
89            android:configChanges="mcc|mnc|locale|touchscreen|keyboard|keyboardHidden|navigation|orientation|screenLayout|uiMode|screenSize|smallestScreenSize|fontScale|layoutDirection|density"
89-->[:unityLibrary] AndroidManifest.xml:57:13-194
90            android:exported="true"
90-->[:unityLibrary] AndroidManifest.xml:58:13-36
91            android:hardwareAccelerated="false"
91-->[:unityLibrary] AndroidManifest.xml:59:13-48
92            android:launchMode="singleTask"
92-->[:unityLibrary] AndroidManifest.xml:60:13-44
93            android:resizeableActivity="false"
93-->[:unityLibrary] AndroidManifest.xml:61:13-47
94            android:screenOrientation="fullUser"
94-->[:unityLibrary] AndroidManifest.xml:62:13-49
95            android:theme="@style/UnityThemeSelector" >
95-->[:unityLibrary] AndroidManifest.xml:63:13-54
96            <intent-filter>
96-->[:unityLibrary] AndroidManifest.xml:64:13-68:29
97                <category android:name="android.intent.category.LAUNCHER" />
97-->[:unityLibrary] AndroidManifest.xml:65:17-77
97-->[:unityLibrary] AndroidManifest.xml:65:27-74
98
99                <action android:name="android.intent.action.MAIN" />
99-->[:unityLibrary] AndroidManifest.xml:67:17-69
99-->[:unityLibrary] AndroidManifest.xml:67:25-66
100            </intent-filter>
101
102            <meta-data
102-->[:unityLibrary] AndroidManifest.xml:70:13-72:40
103                android:name="unityplayer.UnityActivity"
103-->[:unityLibrary] AndroidManifest.xml:71:17-57
104                android:value="true" />
104-->[:unityLibrary] AndroidManifest.xml:72:17-37
105            <meta-data
105-->[:unityLibrary] AndroidManifest.xml:73:13-75:40
106                android:name="notch_support"
106-->[:unityLibrary] AndroidManifest.xml:74:17-45
107                android:value="true" />
107-->[:unityLibrary] AndroidManifest.xml:75:17-37
108        </activity>
109
110        <service
110-->[com.google.firebase:firebase-appcheck-debug:19.0.0] AndroidManifest.xml:22:9-28:19
111            android:name="com.google.firebase.components.ComponentDiscoveryService"
111-->[com.google.firebase:firebase-appcheck-debug:19.0.0] AndroidManifest.xml:23:13-84
112            android:directBootAware="true"
112-->[com.google.firebase:firebase-common:22.0.0] AndroidManifest.xml:32:13-43
113            android:exported="false" >
113-->[com.google.firebase:firebase-appcheck-debug:19.0.0] AndroidManifest.xml:24:13-37
114            <meta-data
114-->[com.google.firebase:firebase-appcheck-debug:19.0.0] AndroidManifest.xml:25:13-27:85
115                android:name="com.google.firebase.components:com.google.firebase.appcheck.debug.FirebaseAppCheckDebugRegistrar"
115-->[com.google.firebase:firebase-appcheck-debug:19.0.0] AndroidManifest.xml:26:17-128
116                android:value="com.google.firebase.components.ComponentRegistrar" />
116-->[com.google.firebase:firebase-appcheck-debug:19.0.0] AndroidManifest.xml:27:17-82
117            <meta-data
117-->[com.google.firebase:firebase-appcheck-playintegrity:19.0.0] AndroidManifest.xml:25:13-27:85
118                android:name="com.google.firebase.components:com.google.firebase.appcheck.playintegrity.FirebaseAppCheckPlayIntegrityRegistrar"
118-->[com.google.firebase:firebase-appcheck-playintegrity:19.0.0] AndroidManifest.xml:26:17-144
119                android:value="com.google.firebase.components.ComponentRegistrar" />
119-->[com.google.firebase:firebase-appcheck-playintegrity:19.0.0] AndroidManifest.xml:27:17-82
120            <meta-data
120-->[com.google.firebase:firebase-storage:22.0.0] AndroidManifest.xml:30:13-32:85
121                android:name="com.google.firebase.components:com.google.firebase.storage.FirebaseStorageKtxRegistrar"
121-->[com.google.firebase:firebase-storage:22.0.0] AndroidManifest.xml:31:17-118
122                android:value="com.google.firebase.components.ComponentRegistrar" />
122-->[com.google.firebase:firebase-storage:22.0.0] AndroidManifest.xml:32:17-82
123            <meta-data
123-->[com.google.firebase:firebase-storage:22.0.0] AndroidManifest.xml:33:13-35:85
124                android:name="com.google.firebase.components:com.google.firebase.storage.StorageRegistrar"
124-->[com.google.firebase:firebase-storage:22.0.0] AndroidManifest.xml:34:17-107
125                android:value="com.google.firebase.components.ComponentRegistrar" />
125-->[com.google.firebase:firebase-storage:22.0.0] AndroidManifest.xml:35:17-82
126            <meta-data
126-->[com.google.firebase:firebase-appcheck:19.0.0] AndroidManifest.xml:25:13-27:85
127                android:name="com.google.firebase.components:com.google.firebase.appcheck.FirebaseAppCheckKtxRegistrar"
127-->[com.google.firebase:firebase-appcheck:19.0.0] AndroidManifest.xml:26:17-120
128                android:value="com.google.firebase.components.ComponentRegistrar" />
128-->[com.google.firebase:firebase-appcheck:19.0.0] AndroidManifest.xml:27:17-82
129            <meta-data
129-->[com.google.firebase:firebase-appcheck:19.0.0] AndroidManifest.xml:28:13-30:85
130                android:name="com.google.firebase.components:com.google.firebase.appcheck.FirebaseAppCheckRegistrar"
130-->[com.google.firebase:firebase-appcheck:19.0.0] AndroidManifest.xml:29:17-117
131                android:value="com.google.firebase.components.ComponentRegistrar" />
131-->[com.google.firebase:firebase-appcheck:19.0.0] AndroidManifest.xml:30:17-82
132            <meta-data
132-->[com.google.firebase:firebase-database:22.0.0] AndroidManifest.xml:29:13-31:85
133                android:name="com.google.firebase.components:com.google.firebase.database.FirebaseDatabaseKtxRegistrar"
133-->[com.google.firebase:firebase-database:22.0.0] AndroidManifest.xml:30:17-120
134                android:value="com.google.firebase.components.ComponentRegistrar" />
134-->[com.google.firebase:firebase-database:22.0.0] AndroidManifest.xml:31:17-82
135            <meta-data
135-->[com.google.firebase:firebase-database:22.0.0] AndroidManifest.xml:32:13-34:85
136                android:name="com.google.firebase.components:com.google.firebase.database.DatabaseRegistrar"
136-->[com.google.firebase:firebase-database:22.0.0] AndroidManifest.xml:33:17-109
137                android:value="com.google.firebase.components.ComponentRegistrar" />
137-->[com.google.firebase:firebase-database:22.0.0] AndroidManifest.xml:34:17-82
138            <meta-data
138-->[com.google.firebase:firebase-firestore:26.0.0] AndroidManifest.xml:17:13-19:85
139                android:name="com.google.firebase.components:com.google.firebase.firestore.FirebaseFirestoreKtxRegistrar"
139-->[com.google.firebase:firebase-firestore:26.0.0] AndroidManifest.xml:18:17-122
140                android:value="com.google.firebase.components.ComponentRegistrar" />
140-->[com.google.firebase:firebase-firestore:26.0.0] AndroidManifest.xml:19:17-82
141            <meta-data
141-->[com.google.firebase:firebase-firestore:26.0.0] AndroidManifest.xml:20:13-22:85
142                android:name="com.google.firebase.components:com.google.firebase.firestore.FirestoreRegistrar"
142-->[com.google.firebase:firebase-firestore:26.0.0] AndroidManifest.xml:21:17-111
143                android:value="com.google.firebase.components.ComponentRegistrar" />
143-->[com.google.firebase:firebase-firestore:26.0.0] AndroidManifest.xml:22:17-82
144            <meta-data
144-->[com.google.firebase:firebase-functions:22.0.0] AndroidManifest.xml:15:13-17:85
145                android:name="com.google.firebase.components:com.google.firebase.functions.FirebaseFunctionsKtxRegistrar"
145-->[com.google.firebase:firebase-functions:22.0.0] AndroidManifest.xml:16:17-122
146                android:value="com.google.firebase.components.ComponentRegistrar" />
146-->[com.google.firebase:firebase-functions:22.0.0] AndroidManifest.xml:17:17-82
147            <meta-data
147-->[com.google.firebase:firebase-functions:22.0.0] AndroidManifest.xml:18:13-20:85
148                android:name="com.google.firebase.components:com.google.firebase.functions.FunctionsRegistrar"
148-->[com.google.firebase:firebase-functions:22.0.0] AndroidManifest.xml:19:17-111
149                android:value="com.google.firebase.components.ComponentRegistrar" />
149-->[com.google.firebase:firebase-functions:22.0.0] AndroidManifest.xml:20:17-82
150            <meta-data
150-->[com.google.firebase:firebase-messaging:25.0.0] AndroidManifest.xml:57:13-59:85
151                android:name="com.google.firebase.components:com.google.firebase.messaging.FirebaseMessagingKtxRegistrar"
151-->[com.google.firebase:firebase-messaging:25.0.0] AndroidManifest.xml:58:17-122
152                android:value="com.google.firebase.components.ComponentRegistrar" />
152-->[com.google.firebase:firebase-messaging:25.0.0] AndroidManifest.xml:59:17-82
153            <meta-data
153-->[com.google.firebase:firebase-messaging:25.0.0] AndroidManifest.xml:60:13-62:85
154                android:name="com.google.firebase.components:com.google.firebase.messaging.FirebaseMessagingRegistrar"
154-->[com.google.firebase:firebase-messaging:25.0.0] AndroidManifest.xml:61:17-119
155                android:value="com.google.firebase.components.ComponentRegistrar" />
155-->[com.google.firebase:firebase-messaging:25.0.0] AndroidManifest.xml:62:17-82
156            <meta-data
156-->[com.google.firebase:firebase-auth:24.0.0] AndroidManifest.xml:69:13-71:85
157                android:name="com.google.firebase.components:com.google.firebase.auth.FirebaseAuthRegistrar"
157-->[com.google.firebase:firebase-auth:24.0.0] AndroidManifest.xml:70:17-109
158                android:value="com.google.firebase.components.ComponentRegistrar" />
158-->[com.google.firebase:firebase-auth:24.0.0] AndroidManifest.xml:71:17-82
159            <meta-data
159-->[com.google.firebase:firebase-config:23.0.0] AndroidManifest.xml:29:13-31:85
160                android:name="com.google.firebase.components:com.google.firebase.remoteconfig.FirebaseRemoteConfigKtxRegistrar"
160-->[com.google.firebase:firebase-config:23.0.0] AndroidManifest.xml:30:17-128
161                android:value="com.google.firebase.components.ComponentRegistrar" />
161-->[com.google.firebase:firebase-config:23.0.0] AndroidManifest.xml:31:17-82
162            <meta-data
162-->[com.google.firebase:firebase-config:23.0.0] AndroidManifest.xml:32:13-34:85
163                android:name="com.google.firebase.components:com.google.firebase.remoteconfig.RemoteConfigRegistrar"
163-->[com.google.firebase:firebase-config:23.0.0] AndroidManifest.xml:33:17-117
164                android:value="com.google.firebase.components.ComponentRegistrar" />
164-->[com.google.firebase:firebase-config:23.0.0] AndroidManifest.xml:34:17-82
165            <meta-data
165-->[com.google.firebase:firebase-crashlytics-ndk:20.0.0] AndroidManifest.xml:32:13-34:85
166                android:name="com.google.firebase.components:com.google.firebase.crashlytics.ndk.CrashlyticsNdkRegistrar"
166-->[com.google.firebase:firebase-crashlytics-ndk:20.0.0] AndroidManifest.xml:33:17-122
167                android:value="com.google.firebase.components.ComponentRegistrar" />
167-->[com.google.firebase:firebase-crashlytics-ndk:20.0.0] AndroidManifest.xml:34:17-82
168            <meta-data
168-->[com.google.firebase:firebase-iid:21.1.0] AndroidManifest.xml:32:13-34:85
169                android:name="com.google.firebase.components:com.google.firebase.iid.Registrar"
169-->[com.google.firebase:firebase-iid:21.1.0] AndroidManifest.xml:33:17-96
170                android:value="com.google.firebase.components.ComponentRegistrar" />
170-->[com.google.firebase:firebase-iid:21.1.0] AndroidManifest.xml:34:17-82
171            <meta-data
171-->[com.google.android.gms:play-services-measurement-api:23.0.0] AndroidManifest.xml:33:13-35:85
172                android:name="com.google.firebase.components:com.google.firebase.analytics.connector.internal.AnalyticsConnectorRegistrar"
172-->[com.google.android.gms:play-services-measurement-api:23.0.0] AndroidManifest.xml:34:17-139
173                android:value="com.google.firebase.components.ComponentRegistrar" />
173-->[com.google.android.gms:play-services-measurement-api:23.0.0] AndroidManifest.xml:35:17-82
174            <meta-data
174-->[com.google.firebase:firebase-crashlytics:20.0.0] AndroidManifest.xml:15:13-17:85
175                android:name="com.google.firebase.components:com.google.firebase.crashlytics.FirebaseCrashlyticsKtxRegistrar"
175-->[com.google.firebase:firebase-crashlytics:20.0.0] AndroidManifest.xml:16:17-126
176                android:value="com.google.firebase.components.ComponentRegistrar" />
176-->[com.google.firebase:firebase-crashlytics:20.0.0] AndroidManifest.xml:17:17-82
177            <meta-data
177-->[com.google.firebase:firebase-crashlytics:20.0.0] AndroidManifest.xml:18:13-20:85
178                android:name="com.google.firebase.components:com.google.firebase.crashlytics.CrashlyticsRegistrar"
178-->[com.google.firebase:firebase-crashlytics:20.0.0] AndroidManifest.xml:19:17-115
179                android:value="com.google.firebase.components.ComponentRegistrar" />
179-->[com.google.firebase:firebase-crashlytics:20.0.0] AndroidManifest.xml:20:17-82
180            <meta-data
180-->[com.google.firebase:firebase-sessions:3.0.0] AndroidManifest.xml:25:13-27:85
181                android:name="com.google.firebase.components:com.google.firebase.sessions.FirebaseSessionsRegistrar"
181-->[com.google.firebase:firebase-sessions:3.0.0] AndroidManifest.xml:26:17-117
182                android:value="com.google.firebase.components.ComponentRegistrar" />
182-->[com.google.firebase:firebase-sessions:3.0.0] AndroidManifest.xml:27:17-82
183            <meta-data
183-->[com.google.firebase:firebase-installations:19.0.0] AndroidManifest.xml:15:13-17:85
184                android:name="com.google.firebase.components:com.google.firebase.installations.FirebaseInstallationsKtxRegistrar"
184-->[com.google.firebase:firebase-installations:19.0.0] AndroidManifest.xml:16:17-130
185                android:value="com.google.firebase.components.ComponentRegistrar" />
185-->[com.google.firebase:firebase-installations:19.0.0] AndroidManifest.xml:17:17-82
186            <meta-data
186-->[com.google.firebase:firebase-installations:19.0.0] AndroidManifest.xml:18:13-20:85
187                android:name="com.google.firebase.components:com.google.firebase.installations.FirebaseInstallationsRegistrar"
187-->[com.google.firebase:firebase-installations:19.0.0] AndroidManifest.xml:19:17-127
188                android:value="com.google.firebase.components.ComponentRegistrar" />
188-->[com.google.firebase:firebase-installations:19.0.0] AndroidManifest.xml:20:17-82
189            <meta-data
189-->[com.google.firebase:firebase-common:22.0.0] AndroidManifest.xml:35:13-37:85
190                android:name="com.google.firebase.components:com.google.firebase.FirebaseCommonKtxRegistrar"
190-->[com.google.firebase:firebase-common:22.0.0] AndroidManifest.xml:36:17-109
191                android:value="com.google.firebase.components.ComponentRegistrar" />
191-->[com.google.firebase:firebase-common:22.0.0] AndroidManifest.xml:37:17-82
192            <meta-data
192-->[com.google.firebase:firebase-abt:21.1.1] AndroidManifest.xml:12:13-14:85
193                android:name="com.google.firebase.components:com.google.firebase.abt.component.AbtRegistrar"
193-->[com.google.firebase:firebase-abt:21.1.1] AndroidManifest.xml:13:17-109
194                android:value="com.google.firebase.components.ComponentRegistrar" />
194-->[com.google.firebase:firebase-abt:21.1.1] AndroidManifest.xml:14:17-82
195            <meta-data
195-->[com.google.firebase:firebase-datatransport:19.0.0] AndroidManifest.xml:25:13-27:85
196                android:name="com.google.firebase.components:com.google.firebase.datatransport.TransportRegistrar"
196-->[com.google.firebase:firebase-datatransport:19.0.0] AndroidManifest.xml:26:17-115
197                android:value="com.google.firebase.components.ComponentRegistrar" />
197-->[com.google.firebase:firebase-datatransport:19.0.0] AndroidManifest.xml:27:17-82
198        </service>
199
200        <receiver
200-->[com.google.firebase:firebase-messaging:25.0.0] AndroidManifest.xml:29:9-40:20
201            android:name="com.google.firebase.iid.FirebaseInstanceIdReceiver"
201-->[com.google.firebase:firebase-messaging:25.0.0] AndroidManifest.xml:30:13-78
202            android:exported="true"
202-->[com.google.firebase:firebase-messaging:25.0.0] AndroidManifest.xml:31:13-36
203            android:permission="com.google.android.c2dm.permission.SEND" >
203-->[com.google.firebase:firebase-messaging:25.0.0] AndroidManifest.xml:32:13-73
204            <intent-filter>
204-->[com.google.firebase:firebase-messaging:25.0.0] AndroidManifest.xml:33:13-35:29
205                <action android:name="com.google.android.c2dm.intent.RECEIVE" />
205-->[com.google.firebase:firebase-messaging:25.0.0] AndroidManifest.xml:34:17-81
205-->[com.google.firebase:firebase-messaging:25.0.0] AndroidManifest.xml:34:25-78
206            </intent-filter>
207
208            <meta-data
208-->[com.google.firebase:firebase-messaging:25.0.0] AndroidManifest.xml:37:13-39:40
209                android:name="com.google.android.gms.cloudmessaging.FINISHED_AFTER_HANDLED"
209-->[com.google.firebase:firebase-messaging:25.0.0] AndroidManifest.xml:38:17-92
210                android:value="true" />
210-->[com.google.firebase:firebase-messaging:25.0.0] AndroidManifest.xml:39:17-37
211        </receiver>
212        <!--
213             FirebaseMessagingService performs security checks at runtime,
214             but set to not exported to explicitly avoid allowing another app to call it.
215        -->
216        <service
216-->[com.google.firebase:firebase-messaging:25.0.0] AndroidManifest.xml:46:9-53:19
217            android:name="com.google.firebase.messaging.FirebaseMessagingService"
217-->[com.google.firebase:firebase-messaging:25.0.0] AndroidManifest.xml:47:13-82
218            android:directBootAware="true"
218-->[com.google.firebase:firebase-messaging:25.0.0] AndroidManifest.xml:48:13-43
219            android:exported="false" >
219-->[com.google.firebase:firebase-messaging:25.0.0] AndroidManifest.xml:49:13-37
220            <intent-filter android:priority="-500" >
220-->[com.google.firebase:firebase-messaging:25.0.0] AndroidManifest.xml:50:13-52:29
220-->[com.google.firebase:firebase-messaging:25.0.0] AndroidManifest.xml:50:28-51
221                <action android:name="com.google.firebase.MESSAGING_EVENT" />
221-->[com.google.firebase:firebase-messaging:25.0.0] AndroidManifest.xml:51:17-78
221-->[com.google.firebase:firebase-messaging:25.0.0] AndroidManifest.xml:51:25-75
222            </intent-filter>
223        </service>
224
225        <activity
225-->[com.google.firebase:firebase-auth:24.0.0] AndroidManifest.xml:29:9-46:20
226            android:name="com.google.firebase.auth.internal.GenericIdpActivity"
226-->[com.google.firebase:firebase-auth:24.0.0] AndroidManifest.xml:30:13-80
227            android:excludeFromRecents="true"
227-->[com.google.firebase:firebase-auth:24.0.0] AndroidManifest.xml:31:13-46
228            android:exported="true"
228-->[com.google.firebase:firebase-auth:24.0.0] AndroidManifest.xml:32:13-36
229            android:launchMode="singleTask"
229-->[com.google.firebase:firebase-auth:24.0.0] AndroidManifest.xml:33:13-44
230            android:theme="@android:style/Theme.Translucent.NoTitleBar" >
230-->[com.google.firebase:firebase-auth:24.0.0] AndroidManifest.xml:34:13-72
231            <intent-filter>
231-->[com.google.firebase:firebase-auth:24.0.0] AndroidManifest.xml:35:13-45:29
232                <action android:name="android.intent.action.VIEW" />
232-->[com.google.firebase:firebase-auth:24.0.0] AndroidManifest.xml:36:17-69
232-->[com.google.firebase:firebase-auth:24.0.0] AndroidManifest.xml:36:25-66
233
234                <category android:name="android.intent.category.DEFAULT" />
234-->[com.google.firebase:firebase-auth:24.0.0] AndroidManifest.xml:38:17-76
234-->[com.google.firebase:firebase-auth:24.0.0] AndroidManifest.xml:38:27-73
235                <category android:name="android.intent.category.BROWSABLE" />
235-->[com.google.firebase:firebase-auth:24.0.0] AndroidManifest.xml:39:17-78
235-->[com.google.firebase:firebase-auth:24.0.0] AndroidManifest.xml:39:27-75
236
237                <data
237-->[com.google.firebase:firebase-auth:24.0.0] AndroidManifest.xml:41:17-44:51
238                    android:host="firebase.auth"
238-->[com.google.firebase:firebase-auth:24.0.0] AndroidManifest.xml:42:21-49
239                    android:path="/"
239-->[com.google.firebase:firebase-auth:24.0.0] AndroidManifest.xml:43:21-37
240                    android:scheme="genericidp" />
240-->[com.google.firebase:firebase-auth:24.0.0] AndroidManifest.xml:44:21-48
241            </intent-filter>
242        </activity>
243        <activity
243-->[com.google.firebase:firebase-auth:24.0.0] AndroidManifest.xml:47:9-64:20
244            android:name="com.google.firebase.auth.internal.RecaptchaActivity"
244-->[com.google.firebase:firebase-auth:24.0.0] AndroidManifest.xml:48:13-79